<?xml version="1.0" encoding="UTF-8"?>
<!-- Generated by org.testng.reporters.JUnitXMLReporter -->
<testsuite ignored="0" hostname="DESKTOP-FRVIS0F" failures="2" tests="44" name="Default test" time="15.424" errors="0" timestamp="2024-09-05T15:37:56 IST">
  <testcase classname="test.AnnouncementsTest" name="setupLogin" time="3.464"/>
  <testcase classname="test.AnnouncementsTest" name="checkUrl" time="0.139"/>
  <testcase classname="test.AnnouncementsTest" name="annHeadingCkeck" time="4.2"/>
  <testcase classname="test.AnnouncementsTest" name="dasSideNavTxtMatch" time="0.126"/>
  <testcase classname="test.AnnouncementsTest" name="annSideNavTxtMatch" time="0.104"/>
  <testcase classname="test.AnnouncementsTest" name="pollSideNavTxtMatch" time="0.078"/>
  <testcase classname="test.AnnouncementsTest" name="romSideNavTxtMatch" time="0.1"/>
  <testcase classname="test.AnnouncementsTest" name="faqcSideNavTxtMatch" time="0.082"/>
  <testcase classname="test.AnnouncementsTest" name="faqSideNavTxtMatch" time="0.087"/>
  <testcase classname="test.AnnouncementsTest" name="supcSideNavTxtMatch" time="0.077"/>
  <testcase classname="test.AnnouncementsTest" name="supSideNavTxtMatch" time="0.082"/>
  <testcase classname="test.AnnouncementsTest" name="mancSideNavTxtMatch" time="0.073"/>
  <testcase classname="test.AnnouncementsTest" name="manrSideNavTxtMatch" time="0.049"/>
  <testcase classname="test.AnnouncementsTest" name="shortSideNavTxtMatch" time="0.065"/>
  <testcase classname="test.AnnouncementsTest" name="menubtnVisible" time="0.06"/>
  <testcase classname="test.AnnouncementsTest" name="menubtnEnabled" time="0.041"/>
  <testcase classname="test.AnnouncementsTest" name="menubtnClick" time="0.112"/>
  <testcase classname="test.AnnouncementsTest" name="dasIconCheck" time="0.077"/>
  <testcase classname="test.AnnouncementsTest" name="annIconCheck" time="0.049"/>
  <testcase classname="test.AnnouncementsTest" name="pollIconCheck" time="0.048"/>
  <testcase classname="test.AnnouncementsTest" name="romcIconCheck" time="0.044"/>
  <testcase classname="test.AnnouncementsTest" name="faqcIconCheck" time="0.04"/>
  <testcase classname="test.AnnouncementsTest" name="faqIconCheck" time="0.043"/>
  <testcase classname="test.AnnouncementsTest" name="supcIconCheck" time="0.038"/>
  <testcase classname="test.AnnouncementsTest" name="supIconCheck" time="0.046"/>
  <testcase classname="test.AnnouncementsTest" name="mancIconCheck" time="0.037"/>
  <testcase classname="test.AnnouncementsTest" name="manIconCheck" time="0.04"/>
  <testcase classname="test.AnnouncementsTest" name="autorIconCheck" time="0.037"/>
  <testcase classname="test.AnnouncementsTest" name="dasUrlCheck" time="0.126"/>
  <testcase classname="test.AnnouncementsTest" name="annUrlCheck" time="0.129"/>
  <testcase classname="test.AnnouncementsTest" name="pollUrlCheck" time="0.135"/>
  <testcase classname="test.AnnouncementsTest" name="romcUrlCheck" time="0.152"/>
  <testcase classname="test.AnnouncementsTest" name="faqcUrlCheck" time="0.115"/>
  <testcase classname="test.AnnouncementsTest" name="faqUrlCheck" time="0.125"/>
  <testcase classname="test.AnnouncementsTest" name="supcUrlCheck" time="0.13"/>
  <testcase classname="test.AnnouncementsTest" name="supUrlCheck" time="0.108"/>
  <testcase classname="test.AnnouncementsTest" name="mancUrlCheck" time="0.129"/>
  <testcase classname="test.AnnouncementsTest" name="manrUrlCheck" time="0.134"/>
  <testcase classname="test.AnnouncementsTest" name="autoUrlCheck" time="0.656"/>
  <testcase classname="test.AnnouncementsTest" name="footerTxtVisivle" time="0.088"/>
  <testcase classname="test.AnnouncementsTest" name="footerTxtCheck" time="0.368"/>
  <testcase classname="test.AnnouncementsTest" name="clickGhostLogoVisible" time="0.137">
    <failure type="java.lang.AssertionError" message="expected [true] but found [false]">
      <![CDATA[java.lang.AssertionError: expected [true] but found [false]
at org.testng.Assert.fail(Assert.java:99)
at org.testng.Assert.failNotEquals(Assert.java:1037)
at org.testng.Assert.assertTrue(Assert.java:45)
at org.testng.Assert.assertTrue(Assert.java:55)
at test.AnnouncementsTest.clickGhostLogoVisible(AnnouncementsTest.java:317)
at java.base/jdk.internal.reflect.DirectMethodHandleAccessor.invoke(DirectMethodHandleAccessor.java:103)
at java.base/java.lang.reflect.Method.invoke(Method.java:580)
at org.testng.internal.MethodInvocationHelper.invokeMethod(MethodInvocationHelper.java:133)
at org.testng.internal.TestInvoker.invokeMethod(TestInvoker.java:598)
at org.testng.internal.TestInvoker.invokeTestMethod(TestInvoker.java:173)
at org.testng.internal.MethodRunner.runInSequence(MethodRunner.java:46)
at org.testng.internal.TestInvoker$MethodInvocationAgent.invoke(TestInvoker.java:824)
at org.testng.internal.TestInvoker.invokeTestMethods(TestInvoker.java:146)
at org.testng.internal.TestMethodWorker.invokeTestMethods(TestMethodWorker.java:146)
at org.testng.internal.TestMethodWorker.run(TestMethodWorker.java:128)
at java.base/java.util.ArrayList.forEach(ArrayList.java:1596)
at org.testng.TestRunner.privateRun(TestRunner.java:794)
at org.testng.TestRunner.run(TestRunner.java:596)
at org.testng.SuiteRunner.runTest(SuiteRunner.java:377)
at org.testng.SuiteRunner.runSequentially(SuiteRunner.java:371)
at org.testng.SuiteRunner.privateRun(SuiteRunner.java:332)
at org.testng.SuiteRunner.run(SuiteRunner.java:276)
at org.testng.SuiteRunnerWorker.runSuite(SuiteRunnerWorker.java:53)
at org.testng.SuiteRunnerWorker.run(SuiteRunnerWorker.java:96)
at org.testng.TestNG.runSuitesSequentially(TestNG.java:1212)
at org.testng.TestNG.runSuitesLocally(TestNG.java:1134)
at org.testng.TestNG.runSuites(TestNG.java:1063)
at org.testng.TestNG.run(TestNG.java:1031)
at org.testng.remote.AbstractRemoteTestNG.run(AbstractRemoteTestNG.java:115)
at org.testng.remote.RemoteTestNG.initAndRun(RemoteTestNG.java:293)
at org.testng.remote.RemoteTestNG.main(RemoteTestNG.java:91)
]]>
    </failure>
  </testcase> <!-- clickGhostLogoVisible -->
  <testcase classname="test.AnnouncementsTest" name="ghostLogoEnable" time="0.039"/>
  <testcase classname="test.AnnouncementsTest" name="ghostLogoClick" time="3.134">
    <failure type="org.openqa.selenium.ElementNotInteractableException" message="element not interactable
  (Session info: chrome=128.0.6613.119)
Build info: version: &amp;apos;4.23.1&amp;apos;, revision: &amp;apos;656257d8e9&amp;apos;
System info: os.name: &amp;apos;Windows 10&amp;apos;, os.arch: &amp;apos;amd64&amp;apos;, os.version: &amp;apos;10.0&amp;apos;, java.version: &amp;apos;21.0.2&amp;apos;
Driver info: org.openqa.selenium.chrome.ChromeDriver
Command: [fac67e74eae66be31d70d7bff24ac64c, clickElement {id=f.7E904B31546986AAD0071E8A2A37F629.d.4053F797D0D0E485921BF39089490CEA.e.99}]
Capabilities {acceptInsecureCerts: false, browserName: chrome, browserVersion: 128.0.6613.119, chrome: {chromedriverVersion: 128.0.6613.119 (6e439cfca4d..., userDataDir: C:\Users\dell\AppData\Local...}, fedcm:accounts: true, goog:chromeOptions: {debuggerAddress: localhost:64252}, networkConnectionEnabled: false, pageLoadStrategy: normal, platformName: windows, proxy: Proxy(), se:cdp: ws://localhost:64252/devtoo..., se:cdpVersion: 128.0.6613.119, setWindowRect: true, strictFileInteractability: false, timeouts: {implicit: 0, pageLoad: 300000, script: 30000}, unhandledPromptBehavior: dismiss and notify, webauthn:extension:credBlob: true, webauthn:extension:largeBlob: true, webauthn:extension:minPinLength: true, webauthn:extension:prf: true, webauthn:virtualAuthenticators: true}
Element: [[ChromeDriver: chrome on windows (fac67e74eae66be31d70d7bff24ac64c)] -&amp;gt; xpath: //a[@class=&amp;apos;logo logo-light text-center&amp;apos;]//span[@class=&amp;apos;logo-lg&amp;apos;]]
Session ID: fac67e74eae66be31d70d7bff24ac64c">
      <![CDATA[org.openqa.selenium.ElementNotInteractableException: element not interactable
  (Session info: chrome=128.0.6613.119)
Build info: version: '4.23.1', revision: '656257d8e9'
System info: os.name: 'Windows 10', os.arch: 'amd64', os.version: '10.0', java.version: '21.0.2'
Driver info: org.openqa.selenium.chrome.ChromeDriver
Command: [fac67e74eae66be31d70d7bff24ac64c, clickElement {id=f.7E904B31546986AAD0071E8A2A37F629.d.4053F797D0D0E485921BF39089490CEA.e.99}]
Capabilities {acceptInsecureCerts: false, browserName: chrome, browserVersion: 128.0.6613.119, chrome: {chromedriverVersion: 128.0.6613.119 (6e439cfca4d..., userDataDir: C:\Users\dell\AppData\Local...}, fedcm:accounts: true, goog:chromeOptions: {debuggerAddress: localhost:64252}, networkConnectionEnabled: false, pageLoadStrategy: normal, platformName: windows, proxy: Proxy(), se:cdp: ws://localhost:64252/devtoo..., se:cdpVersion: 128.0.6613.119, setWindowRect: true, strictFileInteractability: false, timeouts: {implicit: 0, pageLoad: 300000, script: 30000}, unhandledPromptBehavior: dismiss and notify, webauthn:extension:credBlob: true, webauthn:extension:largeBlob: true, webauthn:extension:minPinLength: true, webauthn:extension:prf: true, webauthn:virtualAuthenticators: true}
Element: [[ChromeDriver: chrome on windows (fac67e74eae66be31d70d7bff24ac64c)] -> xpath: //a[@class='logo logo-light text-center']//span[@class='logo-lg']]
Session ID: fac67e74eae66be31d70d7bff24ac64c
at java.base/jdk.internal.reflect.DirectConstructorHandleAccessor.newInstance(DirectConstructorHandleAccessor.java:62)
at java.base/java.lang.reflect.Constructor.newInstanceWithCaller(Constructor.java:502)
at java.base/java.lang.reflect.Constructor.newInstance(Constructor.java:486)
at org.openqa.selenium.remote.ErrorCodec.decode(ErrorCodec.java:167)
at org.openqa.selenium.remote.codec.w3c.W3CHttpResponseCodec.decode(W3CHttpResponseCodec.java:138)
at org.openqa.selenium.remote.codec.w3c.W3CHttpResponseCodec.decode(W3CHttpResponseCodec.java:50)
at org.openqa.selenium.remote.HttpCommandExecutor.execute(HttpCommandExecutor.java:190)
at org.openqa.selenium.remote.service.DriverCommandExecutor.invokeExecute(DriverCommandExecutor.java:216)
at org.openqa.selenium.remote.service.DriverCommandExecutor.execute(DriverCommandExecutor.java:174)
at org.openqa.selenium.remote.RemoteWebDriver.execute(RemoteWebDriver.java:545)
at org.openqa.selenium.remote.RemoteWebElement.execute(RemoteWebElement.java:223)
at org.openqa.selenium.remote.RemoteWebElement.click(RemoteWebElement.java:76)
at page.Announcements.click(Announcements.java:35)
at page.Announcements.ghostLogoClickable(Announcements.java:335)
at test.AnnouncementsTest.ghostLogoClick(AnnouncementsTest.java:330)
at java.base/jdk.internal.reflect.DirectMethodHandleAccessor.invoke(DirectMethodHandleAccessor.java:103)
at java.base/java.lang.reflect.Method.invoke(Method.java:580)
at org.testng.internal.MethodInvocationHelper.invokeMethod(MethodInvocationHelper.java:133)
at org.testng.internal.TestInvoker.invokeMethod(TestInvoker.java:598)
at org.testng.internal.TestInvoker.invokeTestMethod(TestInvoker.java:173)
at org.testng.internal.MethodRunner.runInSequence(MethodRunner.java:46)
at org.testng.internal.TestInvoker$MethodInvocationAgent.invoke(TestInvoker.java:824)
at org.testng.internal.TestInvoker.invokeTestMethods(TestInvoker.java:146)
at org.testng.internal.TestMethodWorker.invokeTestMethods(TestMethodWorker.java:146)
at org.testng.internal.TestMethodWorker.run(TestMethodWorker.java:128)
at java.base/java.util.ArrayList.forEach(ArrayList.java:1596)
at org.testng.TestRunner.privateRun(TestRunner.java:794)
at org.testng.TestRunner.run(TestRunner.java:596)
at org.testng.SuiteRunner.runTest(SuiteRunner.java:377)
at org.testng.SuiteRunner.runSequentially(SuiteRunner.java:371)
at org.testng.SuiteRunner.privateRun(SuiteRunner.java:332)
at org.testng.SuiteRunner.run(SuiteRunner.java:276)
at org.testng.SuiteRunnerWorker.runSuite(SuiteRunnerWorker.java:53)
at org.testng.SuiteRunnerWorker.run(SuiteRunnerWorker.java:96)
at org.testng.TestNG.runSuitesSequentially(TestNG.java:1212)
at org.testng.TestNG.runSuitesLocally(TestNG.java:1134)
at org.testng.TestNG.runSuites(TestNG.java:1063)
at org.testng.TestNG.run(TestNG.java:1031)
at org.testng.remote.AbstractRemoteTestNG.run(AbstractRemoteTestNG.java:115)
at org.testng.remote.RemoteTestNG.initAndRun(RemoteTestNG.java:293)
at org.testng.remote.RemoteTestNG.main(RemoteTestNG.java:91)
]]>
    </failure>
  </testcase> <!-- ghostLogoClick -->
</testsuite> <!-- Default test -->
