<?xml version="1.0" encoding="UTF-8"?>
<!-- Generated by org.testng.reporters.JUnitReportReporter -->
<testsuite hostname="DESKTOP-FRVIS0F" failures="0" tests="23" name="test.DashboardTest" time="4.682" errors="1" timestamp="2024-08-29T18:18:35 IST" skipped="2">
  <testcase classname="test.DashboardTest" name="setlogin" time="3.447"/>
  <system-out/>
  <testcase classname="test.DashboardTest" name="checkUrl" time="0.033"/>
  <system-out/>
  <testcase classname="test.DashboardTest" name="visiblelogo" time="0.050"/>
  <system-out/>
  <testcase classname="test.DashboardTest" name="clickONLogo" time="0.097"/>
  <system-out/>
  <testcase classname="test.DashboardTest" name="checkMenuVisible" time="0.081"/>
  <system-out/>
  <testcase classname="test.DashboardTest" name="checkkMenuEnable" time="0.038"/>
  <system-out/>
  <testcase classname="test.DashboardTest" name="clickOnMenu" time="0.169"/>
  <system-out/>
  <testcase classname="test.DashboardTest" name="categotyBoxVisible" time="0.067"/>
  <system-out/>
  <testcase classname="test.DashboardTest" name="categoryBoxEna" time="0.048"/>
  <system-out/>
  <testcase classname="test.DashboardTest" name="logoutImgVisible" time="0.163"/>
  <system-out/>
  <testcase classname="test.DashboardTest" name="logoutimgEnabled" time="0.044"/>
  <system-out/>
  <testcase classname="test.DashboardTest" name="annblogTxtinScreen" time="0.058"/>
  <system-out/>
  <testcase classname="test.DashboardTest" name="manblogTxtinScreen" time="0.031"/>
  <system-out/>
  <testcase classname="test.DashboardTest" name="faqbloginTxtScreen" time="0.032"/>
  <system-out/>
  <testcase classname="test.DashboardTest" name="rombloginTxtScreen" time="0.032"/>
  <system-out/>
  <testcase classname="test.DashboardTest" name="annImageMatch" time="0.035"/>
  <system-out/>
  <testcase classname="test.DashboardTest" name="romImageMatch" time="0.036"/>
  <system-out/>
  <testcase classname="test.DashboardTest" name="faqImageMatch" time="0.030"/>
  <system-out/>
  <testcase classname="test.DashboardTest" name="manImageMatch" time="0.034"/>
  <system-out/>
  <testcase classname="test.DashboardTest" name="checkLogoutImg" time="0.033"/>
  <system-out/>
  <testcase classname="test.DashboardTest" name="Logout" time="0.124">
    <error message="element not interactable
  (Session info: chrome=128.0.6613.85)
Build info: version: &#039;4.23.1&#039;, revision: &#039;656257d8e9&#039;
System info: os.name: &#039;Windows 10&#039;, os.arch: &#039;amd64&#039;, os.version: &#039;10.0&#039;, java.version: &#039;21.0.2&#039;
Driver info: org.openqa.selenium.chrome.ChromeDriver
Command: [00245dff31001fe9bf4c13fc17ac210c, clickElement {id=f.FFC31D5588EDBEE591177F58A1C5DCF9.d.971F070906F7D044ED2EEB2520BF5F42.e.876}]
Capabilities {acceptInsecureCerts: false, browserName: chrome, browserVersion: 128.0.6613.85, chrome: {chromedriverVersion: 128.0.6613.86 (3045ed680fda..., userDataDir: C:\Users\dell\AppData\Local...}, fedcm:accounts: true, goog:chromeOptions: {debuggerAddress: localhost:57569}, networkConnectionEnabled: false, pageLoadStrategy: normal, platformName: windows, proxy: Proxy(), se:cdp: ws://localhost:57569/devtoo..., se:cdpVersion: 128.0.6613.85, setWindowRect: true, strictFileInteractability: false, timeouts: {implicit: 0, pageLoad: 300000, script: 30000}, unhandledPromptBehavior: dismiss and notify, webauthn:extension:credBlob: true, webauthn:extension:largeBlob: true, webauthn:extension:minPinLength: true, webauthn:extension:prf: true, webauthn:virtualAuthenticators: true}
Element: [[ChromeDriver: chrome on windows (00245dff31001fe9bf4c13fc17ac210c)] -&gt; xpath: //a[@class=&#039;dropdown-item notify-item p-2 bs-2&#039;]]
Session ID: 00245dff31001fe9bf4c13fc17ac210c" type="org.openqa.selenium.ElementNotInteractableException">
      <![CDATA[org.openqa.selenium.ElementNotInteractableException: element not interactable
  (Session info: chrome=128.0.6613.85)
Build info: version: '4.23.1', revision: '656257d8e9'
System info: os.name: 'Windows 10', os.arch: 'amd64', os.version: '10.0', java.version: '21.0.2'
Driver info: org.openqa.selenium.chrome.ChromeDriver
Command: [00245dff31001fe9bf4c13fc17ac210c, clickElement {id=f.FFC31D5588EDBEE591177F58A1C5DCF9.d.971F070906F7D044ED2EEB2520BF5F42.e.876}]
Capabilities {acceptInsecureCerts: false, browserName: chrome, browserVersion: 128.0.6613.85, chrome: {chromedriverVersion: 128.0.6613.86 (3045ed680fda..., userDataDir: C:\Users\dell\AppData\Local...}, fedcm:accounts: true, goog:chromeOptions: {debuggerAddress: localhost:57569}, networkConnectionEnabled: false, pageLoadStrategy: normal, platformName: windows, proxy: Proxy(), se:cdp: ws://localhost:57569/devtoo..., se:cdpVersion: 128.0.6613.85, setWindowRect: true, strictFileInteractability: false, timeouts: {implicit: 0, pageLoad: 300000, script: 30000}, unhandledPromptBehavior: dismiss and notify, webauthn:extension:credBlob: true, webauthn:extension:largeBlob: true, webauthn:extension:minPinLength: true, webauthn:extension:prf: true, webauthn:virtualAuthenticators: true}
Element: [[ChromeDriver: chrome on windows (00245dff31001fe9bf4c13fc17ac210c)] -> xpath: //a[@class='dropdown-item notify-item p-2 bs-2']]
Session ID: 00245dff31001fe9bf4c13fc17ac210c
at java.base/jdk.internal.reflect.DirectConstructorHandleAccessor.newInstance(DirectConstructorHandleAccessor.java:62)
at java.base/java.lang.reflect.Constructor.newInstanceWithCaller(Constructor.java:502)
at java.base/java.lang.reflect.Constructor.newInstance(Constructor.java:486)
at org.openqa.selenium.remote.ErrorCodec.decode(ErrorCodec.java:167)
at org.openqa.selenium.remote.codec.w3c.W3CHttpResponseCodec.decode(W3CHttpResponseCodec.java:138)
at org.openqa.selenium.remote.codec.w3c.W3CHttpResponseCodec.decode(W3CHttpResponseCodec.java:50)
at org.openqa.selenium.remote.HttpCommandExecutor.execute(HttpCommandExecutor.java:190)
at org.openqa.selenium.remote.service.DriverCommandExecutor.invokeExecute(DriverCommandExecutor.java:216)
at org.openqa.selenium.remote.service.DriverCommandExecutor.execute(DriverCommandExecutor.java:174)
at org.openqa.selenium.remote.RemoteWebDriver.execute(RemoteWebDriver.java:545)
at org.openqa.selenium.remote.RemoteWebElement.execute(RemoteWebElement.java:223)
at org.openqa.selenium.remote.RemoteWebElement.click(RemoteWebElement.java:76)
at page.Dashboard.click(Dashboard.java:75)
at page.Dashboard.clickLogout(Dashboard.java:165)
at test.DashboardTest.Logout(DashboardTest.java:135)
at java.base/jdk.internal.reflect.DirectMethodHandleAccessor.invoke(DirectMethodHandleAccessor.java:103)
at java.base/java.lang.reflect.Method.invoke(Method.java:580)
at org.testng.internal.MethodInvocationHelper.invokeMethod(MethodInvocationHelper.java:133)
at org.testng.internal.TestInvoker.invokeMethod(TestInvoker.java:598)
at org.testng.internal.TestInvoker.invokeTestMethod(TestInvoker.java:173)
at org.testng.internal.MethodRunner.runInSequence(MethodRunner.java:46)
at org.testng.internal.TestInvoker$MethodInvocationAgent.invoke(TestInvoker.java:824)
at org.testng.internal.TestInvoker.invokeTestMethods(TestInvoker.java:146)
at org.testng.internal.TestMethodWorker.invokeTestMethods(TestMethodWorker.java:146)
at org.testng.internal.TestMethodWorker.run(TestMethodWorker.java:128)
at java.base/java.util.ArrayList.forEach(ArrayList.java:1596)
at org.testng.TestRunner.privateRun(TestRunner.java:794)
at org.testng.TestRunner.run(TestRunner.java:596)
at org.testng.SuiteRunner.runTest(SuiteRunner.java:377)
at org.testng.SuiteRunner.runSequentially(SuiteRunner.java:371)
at org.testng.SuiteRunner.privateRun(SuiteRunner.java:332)
at org.testng.SuiteRunner.run(SuiteRunner.java:276)
at org.testng.SuiteRunnerWorker.runSuite(SuiteRunnerWorker.java:53)
at org.testng.SuiteRunnerWorker.run(SuiteRunnerWorker.java:96)
at org.testng.TestNG.runSuitesSequentially(TestNG.java:1212)
at org.testng.TestNG.runSuitesLocally(TestNG.java:1134)
at org.testng.TestNG.runSuites(TestNG.java:1063)
at org.testng.TestNG.run(TestNG.java:1031)
at org.testng.remote.AbstractRemoteTestNG.run(AbstractRemoteTestNG.java:115)
at org.testng.remote.RemoteTestNG.initAndRun(RemoteTestNG.java:293)
at org.testng.remote.RemoteTestNG.main(RemoteTestNG.java:91)
]]>
    </error>
  </testcase> <!-- Logout -->
  <system-out/>
  <testcase classname="test.DashboardTest" name="goLivePannel">
    <skipped/>
  </testcase> <!-- goLivePannel -->
  <system-out/>
  <testcase classname="test.DashboardTest" name="changePannel">
    <skipped/>
  </testcase> <!-- changePannel -->
  <system-out/>
</testsuite> <!-- test.DashboardTest -->
